  5 - 6.cpp
D:\ПРОГА\5 - 6\5 - 6\Fun_5l.h(97,26): warning C4244: аргумент: преобразование "float" в "int", возможна потеря данных
D:\ПРОГА\5 - 6\5 - 6\Fun_5l.h(99,26): warning C4244: аргумент: преобразование "float" в "int", возможна потеря данных
D:\ПРОГА\5 - 6\5 - 6\Fun_5l.h(113,25): warning C4244: аргумент: преобразование "float" в "int", возможна потеря данных
D:\ПРОГА\5 - 6\5 - 6\Fun_5l.h(115,26): warning C4244: аргумент: преобразование "float" в "int", возможна потеря данных
D:\ПРОГА\5 - 6\5 - 6\Fun_5l.h(222,30): warning C4244: аргумент: преобразование "float" в "int", возможна потеря данных
D:\ПРОГА\5 - 6\5 - 6\Fun_5l.h(224,30): warning C4244: аргумент: преобразование "float" в "int", возможна потеря данных
D:\ПРОГА\5 - 6\5 - 6\Fun_5l.h(237,29): warning C4244: аргумент: преобразование "float" в "int", возможна потеря данных
D:\ПРОГА\5 - 6\5 - 6\Fun_5l.h(239,30): warning C4244: аргумент: преобразование "float" в "int", возможна потеря данных
D:\ПРОГА\5 - 6\5 - 6\Fun_5l.h(316,28): warning C4244: аргумент: преобразование "float" в "int", возможна потеря данных
D:\ПРОГА\5 - 6\5 - 6\Fun_5l.h(316,25): warning C4244: аргумент: преобразование "float" в "int", возможна потеря данных
D:\ПРОГА\5 - 6\5 - 6\Fun_5l.h(318,29): warning C4244: аргумент: преобразование "float" в "int", возможна потеря данных
D:\ПРОГА\5 - 6\5 - 6\Fun_5l.h(318,26): warning C4244: аргумент: преобразование "float" в "int", возможна потеря данных
D:\ПРОГА\5 - 6\5 - 6\Fun_5l.h(415,32): warning C4244: аргумент: преобразование "float" в "int", возможна потеря данных
D:\ПРОГА\5 - 6\5 - 6\Fun_5l.h(415,29): warning C4244: аргумент: преобразование "float" в "int", возможна потеря данных
D:\ПРОГА\5 - 6\5 - 6\Fun_5l.h(417,33): warning C4244: аргумент: преобразование "float" в "int", возможна потеря данных
D:\ПРОГА\5 - 6\5 - 6\Fun_5l.h(417,30): warning C4244: аргумент: преобразование "float" в "int", возможна потеря данных
D:\ПРОГА\5 - 6\5 - 6\Fun_5l.h(527,30): warning C4244: аргумент: преобразование "float" в "int", возможна потеря данных
D:\ПРОГА\5 - 6\5 - 6\Fun_5l.h(529,31): warning C4244: аргумент: преобразование "float" в "int", возможна потеря данных
D:\ПРОГА\5 - 6\5 - 6\Fun_5l.h(531,36): warning C4244: аргумент: преобразование "float" в "int", возможна потеря данных
D:\ПРОГА\5 - 6\5 - 6\Fun_5l.h(632,34): warning C4244: аргумент: преобразование "float" в "int", возможна потеря данных
D:\ПРОГА\5 - 6\5 - 6\Fun_5l.h(634,35): warning C4244: аргумент: преобразование "float" в "int", возможна потеря данных
D:\ПРОГА\5 - 6\5 - 6\Fun_5l.h(636,40): warning C4244: аргумент: преобразование "float" в "int", возможна потеря данных
D:\ПРОГА\5 - 6\5 - 6\Task_1.h(21,17): warning C4244: аргумент: преобразование "float" в "int", возможна потеря данных
D:\ПРОГА\5 - 6\5 - 6\Task_1.h(30,17): warning C4244: аргумент: преобразование "float" в "int", возможна потеря данных
D:\ПРОГА\5 - 6\5 - 6\Task_1.h(32,28): warning C4244: аргумент: преобразование "float" в "int", возможна потеря данных
D:\ПРОГА\5 - 6\5 - 6\Task_1.h(37,17): warning C4244: аргумент: преобразование "float" в "int", возможна потеря данных
D:\ПРОГА\5 - 6\5 - 6\Task_2.h(13,35): warning C4244: аргумент: преобразование "float" в "size_t", возможна потеря данных
D:\ПРОГА\5 - 6\5 - 6\Task_2.h(15,37): warning C4244: аргумент: преобразование "float" в "size_t", возможна потеря данных
D:\ПРОГА\5 - 6\5 - 6\Task_2.h(17,20): warning C4244: аргумент: преобразование "float" в "int", возможна потеря данных
D:\ПРОГА\5 - 6\5 - 6\Task_2.h(17,17): warning C4244: аргумент: преобразование "float" в "int", возможна потеря данных
D:\ПРОГА\5 - 6\5 - 6\Task_2.h(20,10): warning C4244: инициализация: преобразование "float" в "int", возможна потеря данных
D:\ПРОГА\5 - 6\5 - 6\Task_2.h(21,18): warning C4244: аргумент: преобразование "float" в "int", возможна потеря данных
D:\ПРОГА\5 - 6\5 - 6\Task_2.h(23,17): warning C4244: аргумент: преобразование "float" в "int", возможна потеря данных
D:\ПРОГА\5 - 6\5 - 6\Task_3.h(19,21): warning C4244: аргумент: преобразование "float" в "size_t", возможна потеря данных
D:\ПРОГА\5 - 6\5 - 6\Task_3.h(20,38): warning C4244: аргумент: преобразование "float" в "size_t", возможна потеря данных
D:\ПРОГА\5 - 6\5 - 6\Task_3.h(22,16): warning C4244: аргумент: преобразование "float" в "int", возможна потеря данных
D:\ПРОГА\5 - 6\5 - 6\Task_3.h(24,35): warning C4244: аргумент: преобразование "float" в "size_t", возможна потеря данных
D:\ПРОГА\5 - 6\5 - 6\Task_3.h(27,31): warning C4244: аргумент: преобразование "float" в "int", возможна потеря данных
D:\ПРОГА\5 - 6\5 - 6\Task_3.h(30,38): warning C4244: аргумент: преобразование "float" в "int", возможна потеря данных
D:\ПРОГА\5 - 6\5 - 6\Task_3.h(31,31): warning C4244: аргумент: преобразование "float" в "int", возможна потеря данных
D:\ПРОГА\5 - 6\5 - 6\Task_1_RUS.h(23,21): warning C4244: аргумент: преобразование "float" в "int", возможна потеря данных
D:\ПРОГА\5 - 6\5 - 6\Task_1_RUS.h(32,21): warning C4244: аргумент: преобразование "float" в "int", возможна потеря данных
D:\ПРОГА\5 - 6\5 - 6\Task_1_RUS.h(34,32): warning C4244: аргумент: преобразование "float" в "int", возможна потеря данных
D:\ПРОГА\5 - 6\5 - 6\Task_1_RUS.h(39,21): warning C4244: аргумент: преобразование "float" в "int", возможна потеря данных
D:\ПРОГА\5 - 6\5 - 6\Task_2_RUS.h(16,35): warning C4244: аргумент: преобразование "float" в "size_t", возможна потеря данных
D:\ПРОГА\5 - 6\5 - 6\Task_2_RUS.h(18,37): warning C4244: аргумент: преобразование "float" в "size_t", возможна потеря данных
D:\ПРОГА\5 - 6\5 - 6\Task_2_RUS.h(20,24): warning C4244: аргумент: преобразование "float" в "int", возможна потеря данных
D:\ПРОГА\5 - 6\5 - 6\Task_2_RUS.h(20,21): warning C4244: аргумент: преобразование "float" в "int", возможна потеря данных
D:\ПРОГА\5 - 6\5 - 6\Task_2_RUS.h(23,10): warning C4244: инициализация: преобразование "float" в "int", возможна потеря данных
D:\ПРОГА\5 - 6\5 - 6\Task_2_RUS.h(24,22): warning C4244: аргумент: преобразование "float" в "int", возможна потеря данных
D:\ПРОГА\5 - 6\5 - 6\Task_2_RUS.h(26,21): warning C4244: аргумент: преобразование "float" в "int", возможна потеря данных
D:\ПРОГА\5 - 6\5 - 6\Task_3_RUS.h(21,21): warning C4244: аргумент: преобразование "float" в "size_t", возможна потеря данных
D:\ПРОГА\5 - 6\5 - 6\Task_3_RUS.h(23,20): warning C4244: аргумент: преобразование "float" в "int", возможна потеря данных
D:\ПРОГА\5 - 6\5 - 6\Task_3_RUS.h(25,35): warning C4244: аргумент: преобразование "float" в "size_t", возможна потеря данных
D:\ПРОГА\5 - 6\5 - 6\Task_3_RUS.h(26,38): warning C4244: аргумент: преобразование "float" в "size_t", возможна потеря данных
D:\ПРОГА\5 - 6\5 - 6\Task_3_RUS.h(29,31): warning C4244: аргумент: преобразование "float" в "int", возможна потеря данных
D:\ПРОГА\5 - 6\5 - 6\Task_3_RUS.h(32,38): warning C4244: аргумент: преобразование "float" в "int", возможна потеря данных
D:\ПРОГА\5 - 6\5 - 6\Task_3_RUS.h(33,31): warning C4244: аргумент: преобразование "float" в "int", возможна потеря данных
  5 - 6.vcxproj -> D:\ПРОГА\5 - 6\x64\Debug\5 - 6.exe
